{"/Users/sbian/Desktop/calculatorApp/calculatorAPI/jest.config.js": {"path":"/Users/sbian/Desktop/calculatorApp/calculatorAPI/jest.config.js","statementMap":{"0":{"start":{"line":1,"column":0},"end":{"line":23,"column":2}}},"fnMap":{},"branchMap":{},"s":{"0":0},"f":{},"b":{},"hash":"1fd0794342385b82dc28ef0490516237963262ef"}
,"/Users/sbian/Desktop/calculatorApp/calculatorAPI/src/Memory.js": {"path":"/Users/sbian/Desktop/calculatorApp/calculatorAPI/src/Memory.js","statementMap":{"0":{"start":{"line":3,"column":4},"end":{"line":12,"column":6}},"1":{"start":{"line":17,"column":4},"end":{"line":17,"column":29}},"2":{"start":{"line":18,"column":4},"end":{"line":18,"column":63}},"3":{"start":{"line":22,"column":4},"end":{"line":22,"column":32}},"4":{"start":{"line":26,"column":4},"end":{"line":26,"column":41}},"5":{"start":{"line":27,"column":4},"end":{"line":27,"column":32}}},"fnMap":{"0":{"name":"(anonymous_0)","decl":{"start":{"line":2,"column":2},"end":{"line":2,"column":3}},"loc":{"start":{"line":2,"column":16},"end":{"line":14,"column":3}},"line":2},"1":{"name":"(anonymous_1)","decl":{"start":{"line":16,"column":2},"end":{"line":16,"column":3}},"loc":{"start":{"line":16,"column":25},"end":{"line":19,"column":3}},"line":16},"2":{"name":"(anonymous_2)","decl":{"start":{"line":21,"column":2},"end":{"line":21,"column":3}},"loc":{"start":{"line":21,"column":31},"end":{"line":23,"column":3}},"line":21},"3":{"name":"(anonymous_3)","decl":{"start":{"line":25,"column":2},"end":{"line":25,"column":3}},"loc":{"start":{"line":25,"column":48},"end":{"line":28,"column":3}},"line":25}},"branchMap":{},"s":{"0":0,"1":0,"2":0,"3":0,"4":0,"5":0},"f":{"0":0,"1":0,"2":0,"3":0},"b":{},"hash":"1841329bfde1fef3ec98d75b16437badd884ada1"}
,"/Users/sbian/Desktop/calculatorApp/calculatorAPI/src/index.js": {"path":"/Users/sbian/Desktop/calculatorApp/calculatorAPI/src/index.js","statementMap":{"0":{"start":{"line":13,"column":13},"end":{"line":13,"column":29}},"1":{"start":{"line":14,"column":12},"end":{"line":14,"column":21}},"2":{"start":{"line":19,"column":0},"end":{"line":19,"column":23}},"3":{"start":{"line":20,"column":0},"end":{"line":20,"column":16}},"4":{"start":{"line":21,"column":0},"end":{"line":21,"column":27}},"5":{"start":{"line":24,"column":0},"end":{"line":24,"column":37}},"6":{"start":{"line":25,"column":0},"end":{"line":25,"column":25}},"7":{"start":{"line":29,"column":0},"end":{"line":29,"column":63}},"8":{"start":{"line":34,"column":0},"end":{"line":38,"column":3}},"9":{"start":{"line":35,"column":2},"end":{"line":35,"column":23}},"10":{"start":{"line":36,"column":2},"end":{"line":36,"column":18}},"11":{"start":{"line":37,"column":2},"end":{"line":37,"column":9}},"12":{"start":{"line":46,"column":0},"end":{"line":46,"column":31}},"13":{"start":{"line":47,"column":0},"end":{"line":47,"column":41}},"14":{"start":{"line":48,"column":0},"end":{"line":48,"column":33}},"15":{"start":{"line":50,"column":0},"end":{"line":50,"column":66}},"16":{"start":{"line":50,"column":23},"end":{"line":50,"column":64}}},"fnMap":{"0":{"name":"(anonymous_0)","decl":{"start":{"line":34,"column":13},"end":{"line":34,"column":14}},"loc":{"start":{"line":34,"column":33},"end":{"line":38,"column":1}},"line":34},"1":{"name":"(anonymous_1)","decl":{"start":{"line":50,"column":17},"end":{"line":50,"column":18}},"loc":{"start":{"line":50,"column":23},"end":{"line":50,"column":64}},"line":50}},"branchMap":{},"s":{"0":0,"1":0,"2":0,"3":0,"4":0,"5":0,"6":0,"7":0,"8":0,"9":0,"10":0,"11":0,"12":0,"13":0,"14":0,"15":0,"16":0},"f":{"0":0,"1":0},"b":{},"hash":"58b10932ba290178d73babebe4b3f901dccf3e92"}
,"/Users/sbian/Desktop/calculatorApp/calculatorAPI/src/Instances/db.js": {"path":"/Users/sbian/Desktop/calculatorApp/calculatorAPI/src/Instances/db.js","statementMap":{},"fnMap":{},"branchMap":{},"s":{},"f":{},"b":{},"hash":"df34261ba97b7b25c0d8dca6071415f5b983f0f1"}
,"/Users/sbian/Desktop/calculatorApp/calculatorAPI/src/Instances/executionsController.js": {"path":"/Users/sbian/Desktop/calculatorApp/calculatorAPI/src/Instances/executionsController.js","statementMap":{},"fnMap":{},"branchMap":{},"s":{},"f":{},"b":{},"hash":"f132899380af4b4622f55f149a604ed17fd30fef"}
,"/Users/sbian/Desktop/calculatorApp/calculatorAPI/src/Instances/executionsDao.js": {"path":"/Users/sbian/Desktop/calculatorApp/calculatorAPI/src/Instances/executionsDao.js","statementMap":{},"fnMap":{},"branchMap":{},"s":{},"f":{},"b":{},"hash":"9dd2821e01ce8bf55ab1273ac00aff1283cbbd7b"}
,"/Users/sbian/Desktop/calculatorApp/calculatorAPI/src/Instances/executionsService.js": {"path":"/Users/sbian/Desktop/calculatorApp/calculatorAPI/src/Instances/executionsService.js","statementMap":{},"fnMap":{},"branchMap":{},"s":{},"f":{},"b":{},"hash":"994381343bfc77b4a062953b39f9a6b7af69d44f"}
,"/Users/sbian/Desktop/calculatorApp/calculatorAPI/src/Instances/logger.js": {"path":"/Users/sbian/Desktop/calculatorApp/calculatorAPI/src/Instances/logger.js","statementMap":{},"fnMap":{},"branchMap":{},"s":{},"f":{},"b":{},"hash":"e865e5aed1d4b3cc749e1e609eda9ff605f60ed0"}
,"/Users/sbian/Desktop/calculatorApp/calculatorAPI/src/Instances/registerController.js": {"path":"/Users/sbian/Desktop/calculatorApp/calculatorAPI/src/Instances/registerController.js","statementMap":{},"fnMap":{},"branchMap":{},"s":{},"f":{},"b":{},"hash":"0ec289b486d9bf5fa01b13d7e3bcfc56042ca087"}
,"/Users/sbian/Desktop/calculatorApp/calculatorAPI/src/Instances/themesController.js": {"path":"/Users/sbian/Desktop/calculatorApp/calculatorAPI/src/Instances/themesController.js","statementMap":{},"fnMap":{},"branchMap":{},"s":{},"f":{},"b":{},"hash":"cb1f033afe127700c739b605f8b3e38f4ee40916"}
,"/Users/sbian/Desktop/calculatorApp/calculatorAPI/src/Instances/themesDao.js": {"path":"/Users/sbian/Desktop/calculatorApp/calculatorAPI/src/Instances/themesDao.js","statementMap":{},"fnMap":{},"branchMap":{},"s":{},"f":{},"b":{},"hash":"711bc3143ae489685e99e8b727a3f3f040dd536b"}
,"/Users/sbian/Desktop/calculatorApp/calculatorAPI/src/Instances/themesService.js": {"path":"/Users/sbian/Desktop/calculatorApp/calculatorAPI/src/Instances/themesService.js","statementMap":{},"fnMap":{},"branchMap":{},"s":{},"f":{},"b":{},"hash":"8d72560bd88589ae716b34ca8f5e779b79930dd1"}
,"/Users/sbian/Desktop/calculatorApp/calculatorAPI/src/Instances/usersController.js": {"path":"/Users/sbian/Desktop/calculatorApp/calculatorAPI/src/Instances/usersController.js","statementMap":{},"fnMap":{},"branchMap":{},"s":{},"f":{},"b":{},"hash":"2682b0b996cc2b51070f95e237aadf7793a4e9d7"}
,"/Users/sbian/Desktop/calculatorApp/calculatorAPI/src/Instances/usersDao.js": {"path":"/Users/sbian/Desktop/calculatorApp/calculatorAPI/src/Instances/usersDao.js","statementMap":{},"fnMap":{},"branchMap":{},"s":{},"f":{},"b":{},"hash":"bfaa99778d8a1c713359b049b18637042bc287ae"}
,"/Users/sbian/Desktop/calculatorApp/calculatorAPI/src/Instances/usersService.js": {"path":"/Users/sbian/Desktop/calculatorApp/calculatorAPI/src/Instances/usersService.js","statementMap":{},"fnMap":{},"branchMap":{},"s":{},"f":{},"b":{},"hash":"caa746a3722bcda964ca27e90234c442dfdb0246"}
,"/Users/sbian/Desktop/calculatorApp/calculatorAPI/src/Logger/Logger.js": {"path":"/Users/sbian/Desktop/calculatorApp/calculatorAPI/src/Logger/Logger.js","statementMap":{"0":{"start":{"line":4,"column":4},"end":{"line":4,"column":56}},"1":{"start":{"line":5,"column":4},"end":{"line":11,"column":6}}},"fnMap":{"0":{"name":"(anonymous_0)","decl":{"start":{"line":3,"column":2},"end":{"line":3,"column":3}},"loc":{"start":{"line":3,"column":30},"end":{"line":12,"column":3}},"line":3}},"branchMap":{},"s":{"0":0,"1":0},"f":{"0":0},"b":{},"hash":"bfa7e8baf7eedcf3cc051f5f8c73f62cc20c008c"}
,"/Users/sbian/Desktop/calculatorApp/calculatorAPI/src/Passport/jwtStrategy.js": {"path":"/Users/sbian/Desktop/calculatorApp/calculatorAPI/src/Passport/jwtStrategy.js","statementMap":{"0":{"start":{"line":5,"column":20},"end":{"line":5,"column":40}},"1":{"start":{"line":6,"column":19},"end":{"line":6,"column":41}},"2":{"start":{"line":8,"column":19},"end":{"line":8,"column":41}},"3":{"start":{"line":10,"column":0},"end":{"line":27,"column":2}},"4":{"start":{"line":17,"column":19},"end":{"line":20,"column":41}},"5":{"start":{"line":22,"column":6},"end":{"line":22,"column":33}},"6":{"start":{"line":24,"column":6},"end":{"line":24,"column":21}}},"fnMap":{"0":{"name":"(anonymous_0)","decl":{"start":{"line":16,"column":4},"end":{"line":16,"column":5}},"loc":{"start":{"line":16,"column":35},"end":{"line":25,"column":5}},"line":16}},"branchMap":{},"s":{"0":0,"1":0,"2":0,"3":0,"4":0,"5":0,"6":0},"f":{"0":0},"b":{},"hash":"14c97b6ec223d597f559f5bcbb3c6428e2ac5f75"}
,"/Users/sbian/Desktop/calculatorApp/calculatorAPI/src/controllers/EntityController.js": {"path":"/Users/sbian/Desktop/calculatorApp/calculatorAPI/src/controllers/EntityController.js","statementMap":{"0":{"start":{"line":3,"column":4},"end":{"line":3,"column":25}},"1":{"start":{"line":7,"column":4},"end":{"line":7,"column":51}},"2":{"start":{"line":11,"column":4},"end":{"line":11,"column":54}},"3":{"start":{"line":15,"column":4},"end":{"line":15,"column":54}}},"fnMap":{"0":{"name":"(anonymous_0)","decl":{"start":{"line":2,"column":2},"end":{"line":2,"column":3}},"loc":{"start":{"line":2,"column":26},"end":{"line":4,"column":3}},"line":2},"1":{"name":"(anonymous_1)","decl":{"start":{"line":6,"column":2},"end":{"line":6,"column":3}},"loc":{"start":{"line":6,"column":35},"end":{"line":8,"column":3}},"line":6},"2":{"name":"(anonymous_2)","decl":{"start":{"line":10,"column":2},"end":{"line":10,"column":3}},"loc":{"start":{"line":10,"column":33},"end":{"line":12,"column":3}},"line":10},"3":{"name":"(anonymous_3)","decl":{"start":{"line":14,"column":2},"end":{"line":14,"column":3}},"loc":{"start":{"line":14,"column":40},"end":{"line":16,"column":3}},"line":14}},"branchMap":{},"s":{"0":0,"1":0,"2":0,"3":0},"f":{"0":0,"1":0,"2":0,"3":0},"b":{},"hash":"a25b545680b4a4c99b0fd28a93f6da20d0ab5a25"}
,"/Users/sbian/Desktop/calculatorApp/calculatorAPI/src/controllers/ExecutionsController.js": {"path":"/Users/sbian/Desktop/calculatorApp/calculatorAPI/src/controllers/ExecutionsController.js","statementMap":{"0":{"start":{"line":5,"column":4},"end":{"line":5,"column":22}},"1":{"start":{"line":6,"column":4},"end":{"line":6,"column":47}},"2":{"start":{"line":9,"column":17},"end":{"line":42,"column":3}},"3":{"start":{"line":10,"column":4},"end":{"line":41,"column":5}},"4":{"start":{"line":11,"column":20},"end":{"line":11,"column":29}},"5":{"start":{"line":12,"column":23},"end":{"line":12,"column":43}},"6":{"start":{"line":15,"column":6},"end":{"line":18,"column":9}},"7":{"start":{"line":20,"column":6},"end":{"line":22,"column":7}},"8":{"start":{"line":21,"column":8},"end":{"line":21,"column":62}},"9":{"start":{"line":24,"column":27},"end":{"line":28,"column":8}},"10":{"start":{"line":29,"column":6},"end":{"line":31,"column":7}},"11":{"start":{"line":30,"column":8},"end":{"line":30,"column":57}},"12":{"start":{"line":33,"column":6},"end":{"line":35,"column":9}},"13":{"start":{"line":36,"column":6},"end":{"line":36,"column":29}},"14":{"start":{"line":38,"column":6},"end":{"line":40,"column":9}}},"fnMap":{"0":{"name":"(anonymous_0)","decl":{"start":{"line":4,"column":2},"end":{"line":4,"column":3}},"loc":{"start":{"line":4,"column":45},"end":{"line":7,"column":3}},"line":4},"1":{"name":"(anonymous_1)","decl":{"start":{"line":9,"column":17},"end":{"line":9,"column":18}},"loc":{"start":{"line":9,"column":37},"end":{"line":42,"column":3}},"line":9}},"branchMap":{"0":{"loc":{"start":{"line":20,"column":6},"end":{"line":22,"column":7}},"type":"if","locations":[{"start":{"line":20,"column":6},"end":{"line":22,"column":7}},{"start":{"line":20,"column":6},"end":{"line":22,"column":7}}],"line":20},"1":{"loc":{"start":{"line":20,"column":10},"end":{"line":20,"column":29}},"type":"binary-expr","locations":[{"start":{"line":20,"column":10},"end":{"line":20,"column":16}},{"start":{"line":20,"column":20},"end":{"line":20,"column":29}}],"line":20},"2":{"loc":{"start":{"line":29,"column":6},"end":{"line":31,"column":7}},"type":"if","locations":[{"start":{"line":29,"column":6},"end":{"line":31,"column":7}},{"start":{"line":29,"column":6},"end":{"line":31,"column":7}}],"line":29}},"s":{"0":0,"1":0,"2":0,"3":0,"4":0,"5":0,"6":0,"7":0,"8":0,"9":0,"10":0,"11":0,"12":0,"13":0,"14":0},"f":{"0":0,"1":0},"b":{"0":[0,0],"1":[0,0],"2":[0,0]},"hash":"0323d836362915a964d4daa7105afd4a991341ce"}
,"/Users/sbian/Desktop/calculatorApp/calculatorAPI/src/controllers/RegisterController.js": {"path":"/Users/sbian/Desktop/calculatorApp/calculatorAPI/src/controllers/RegisterController.js","statementMap":{"0":{"start":{"line":5,"column":4},"end":{"line":5,"column":22}},"1":{"start":{"line":6,"column":4},"end":{"line":6,"column":37}},"2":{"start":{"line":9,"column":12},"end":{"line":48,"column":3}},"3":{"start":{"line":10,"column":4},"end":{"line":47,"column":5}},"4":{"start":{"line":11,"column":23},"end":{"line":11,"column":40}},"5":{"start":{"line":12,"column":23},"end":{"line":12,"column":40}},"6":{"start":{"line":14,"column":6},"end":{"line":16,"column":7}},"7":{"start":{"line":15,"column":8},"end":{"line":15,"column":65}},"8":{"start":{"line":18,"column":6},"end":{"line":21,"column":9}},"9":{"start":{"line":23,"column":30},"end":{"line":26,"column":8}},"10":{"start":{"line":28,"column":6},"end":{"line":34,"column":7}},"11":{"start":{"line":29,"column":8},"end":{"line":31,"column":11}},"12":{"start":{"line":33,"column":8},"end":{"line":33,"column":54}},"13":{"start":{"line":36,"column":6},"end":{"line":38,"column":9}},"14":{"start":{"line":40,"column":6},"end":{"line":40,"column":32}},"15":{"start":{"line":42,"column":6},"end":{"line":42,"column":52}}},"fnMap":{"0":{"name":"(anonymous_0)","decl":{"start":{"line":4,"column":2},"end":{"line":4,"column":3}},"loc":{"start":{"line":4,"column":40},"end":{"line":7,"column":3}},"line":4},"1":{"name":"(anonymous_1)","decl":{"start":{"line":9,"column":12},"end":{"line":9,"column":13}},"loc":{"start":{"line":9,"column":32},"end":{"line":48,"column":3}},"line":9}},"branchMap":{"0":{"loc":{"start":{"line":14,"column":6},"end":{"line":16,"column":7}},"type":"if","locations":[{"start":{"line":14,"column":6},"end":{"line":16,"column":7}},{"start":{"line":14,"column":6},"end":{"line":16,"column":7}}],"line":14},"1":{"loc":{"start":{"line":14,"column":10},"end":{"line":14,"column":32}},"type":"binary-expr","locations":[{"start":{"line":14,"column":10},"end":{"line":14,"column":19}},{"start":{"line":14,"column":23},"end":{"line":14,"column":32}}],"line":14},"2":{"loc":{"start":{"line":28,"column":6},"end":{"line":34,"column":7}},"type":"if","locations":[{"start":{"line":28,"column":6},"end":{"line":34,"column":7}},{"start":{"line":28,"column":6},"end":{"line":34,"column":7}}],"line":28}},"s":{"0":0,"1":0,"2":0,"3":0,"4":0,"5":0,"6":0,"7":0,"8":0,"9":0,"10":0,"11":0,"12":0,"13":0,"14":0,"15":0},"f":{"0":0,"1":0},"b":{"0":[0,0],"1":[0,0],"2":[0,0]},"hash":"d9cd2ef8b390a360d0ee6920095b350f3a14f0b3"}
,"/Users/sbian/Desktop/calculatorApp/calculatorAPI/src/controllers/ThemesController.js": {"path":"/Users/sbian/Desktop/calculatorApp/calculatorAPI/src/controllers/ThemesController.js","statementMap":{"0":{"start":{"line":5,"column":4},"end":{"line":5,"column":22}},"1":{"start":{"line":6,"column":4},"end":{"line":6,"column":39}},"2":{"start":{"line":9,"column":17},"end":{"line":39,"column":3}},"3":{"start":{"line":10,"column":4},"end":{"line":38,"column":5}},"4":{"start":{"line":11,"column":20},"end":{"line":11,"column":29}},"5":{"start":{"line":14,"column":6},"end":{"line":16,"column":9}},"6":{"start":{"line":18,"column":6},"end":{"line":20,"column":7}},"7":{"start":{"line":19,"column":8},"end":{"line":19,"column":52}},"8":{"start":{"line":22,"column":24},"end":{"line":25,"column":8}},"9":{"start":{"line":26,"column":6},"end":{"line":28,"column":7}},"10":{"start":{"line":27,"column":8},"end":{"line":27,"column":54}},"11":{"start":{"line":30,"column":6},"end":{"line":32,"column":9}},"12":{"start":{"line":33,"column":6},"end":{"line":33,"column":26}},"13":{"start":{"line":35,"column":6},"end":{"line":37,"column":9}}},"fnMap":{"0":{"name":"(anonymous_0)","decl":{"start":{"line":4,"column":2},"end":{"line":4,"column":3}},"loc":{"start":{"line":4,"column":41},"end":{"line":7,"column":3}},"line":4},"1":{"name":"(anonymous_1)","decl":{"start":{"line":9,"column":17},"end":{"line":9,"column":18}},"loc":{"start":{"line":9,"column":37},"end":{"line":39,"column":3}},"line":9}},"branchMap":{"0":{"loc":{"start":{"line":18,"column":6},"end":{"line":20,"column":7}},"type":"if","locations":[{"start":{"line":18,"column":6},"end":{"line":20,"column":7}},{"start":{"line":18,"column":6},"end":{"line":20,"column":7}}],"line":18},"1":{"loc":{"start":{"line":26,"column":6},"end":{"line":28,"column":7}},"type":"if","locations":[{"start":{"line":26,"column":6},"end":{"line":28,"column":7}},{"start":{"line":26,"column":6},"end":{"line":28,"column":7}}],"line":26}},"s":{"0":0,"1":0,"2":0,"3":0,"4":0,"5":0,"6":0,"7":0,"8":0,"9":0,"10":0,"11":0,"12":0,"13":0},"f":{"0":0,"1":0},"b":{"0":[0,0],"1":[0,0]},"hash":"737ea76b65a1d1cf7862669b0f960c7f430f64e3"}
,"/Users/sbian/Desktop/calculatorApp/calculatorAPI/src/controllers/UsersController.js": {"path":"/Users/sbian/Desktop/calculatorApp/calculatorAPI/src/controllers/UsersController.js","statementMap":{"0":{"start":{"line":6,"column":4},"end":{"line":6,"column":22}},"1":{"start":{"line":7,"column":4},"end":{"line":7,"column":37}},"2":{"start":{"line":8,"column":4},"end":{"line":8,"column":39}},"3":{"start":{"line":9,"column":4},"end":{"line":9,"column":47}},"4":{"start":{"line":14,"column":18},"end":{"line":50,"column":3}},"5":{"start":{"line":16,"column":4},"end":{"line":49,"column":5}},"6":{"start":{"line":17,"column":20},"end":{"line":17,"column":29}},"7":{"start":{"line":20,"column":6},"end":{"line":20,"column":76}},"8":{"start":{"line":22,"column":6},"end":{"line":24,"column":7}},"9":{"start":{"line":23,"column":8},"end":{"line":23,"column":52}},"10":{"start":{"line":26,"column":19},"end":{"line":26,"column":24}},"11":{"start":{"line":28,"column":6},"end":{"line":31,"column":9}},"12":{"start":{"line":33,"column":6},"end":{"line":35,"column":7}},"13":{"start":{"line":34,"column":8},"end":{"line":34,"column":50}},"14":{"start":{"line":37,"column":6},"end":{"line":40,"column":9}},"15":{"start":{"line":41,"column":6},"end":{"line":43,"column":7}},"16":{"start":{"line":42,"column":8},"end":{"line":42,"column":50}},"17":{"start":{"line":45,"column":6},"end":{"line":45,"column":76}},"18":{"start":{"line":46,"column":6},"end":{"line":46,"column":21}},"19":{"start":{"line":48,"column":6},"end":{"line":48,"column":74}},"20":{"start":{"line":52,"column":26},"end":{"line":90,"column":3}},"21":{"start":{"line":54,"column":4},"end":{"line":89,"column":5}},"22":{"start":{"line":55,"column":20},"end":{"line":55,"column":29}},"23":{"start":{"line":56,"column":22},"end":{"line":56,"column":39}},"24":{"start":{"line":60,"column":6},"end":{"line":63,"column":9}},"25":{"start":{"line":65,"column":6},"end":{"line":67,"column":7}},"26":{"start":{"line":66,"column":8},"end":{"line":66,"column":61}},"27":{"start":{"line":69,"column":30},"end":{"line":73,"column":8}},"28":{"start":{"line":74,"column":6},"end":{"line":79,"column":7}},"29":{"start":{"line":75,"column":8},"end":{"line":77,"column":11}},"30":{"start":{"line":78,"column":8},"end":{"line":78,"column":60}},"31":{"start":{"line":81,"column":6},"end":{"line":83,"column":9}},"32":{"start":{"line":84,"column":6},"end":{"line":84,"column":32}},"33":{"start":{"line":86,"column":6},"end":{"line":88,"column":9}},"34":{"start":{"line":92,"column":16},"end":{"line":123,"column":3}},"35":{"start":{"line":94,"column":4},"end":{"line":122,"column":5}},"36":{"start":{"line":95,"column":20},"end":{"line":95,"column":29}},"37":{"start":{"line":98,"column":6},"end":{"line":100,"column":9}},"38":{"start":{"line":102,"column":6},"end":{"line":104,"column":7}},"39":{"start":{"line":103,"column":8},"end":{"line":103,"column":52}},"40":{"start":{"line":106,"column":23},"end":{"line":109,"column":8}},"41":{"start":{"line":110,"column":6},"end":{"line":112,"column":7}},"42":{"start":{"line":111,"column":8},"end":{"line":111,"column":53}},"43":{"start":{"line":114,"column":27},"end":{"line":114,"column":62}},"44":{"start":{"line":116,"column":6},"end":{"line":118,"column":9}},"45":{"start":{"line":119,"column":6},"end":{"line":119,"column":29}},"46":{"start":{"line":121,"column":6},"end":{"line":121,"column":68}}},"fnMap":{"0":{"name":"(anonymous_0)","decl":{"start":{"line":5,"column":2},"end":{"line":5,"column":3}},"loc":{"start":{"line":5,"column":74},"end":{"line":10,"column":3}},"line":5},"1":{"name":"(anonymous_1)","decl":{"start":{"line":14,"column":18},"end":{"line":14,"column":19}},"loc":{"start":{"line":14,"column":38},"end":{"line":50,"column":3}},"line":14},"2":{"name":"(anonymous_2)","decl":{"start":{"line":52,"column":26},"end":{"line":52,"column":27}},"loc":{"start":{"line":52,"column":46},"end":{"line":90,"column":3}},"line":52},"3":{"name":"(anonymous_3)","decl":{"start":{"line":92,"column":16},"end":{"line":92,"column":17}},"loc":{"start":{"line":92,"column":36},"end":{"line":123,"column":3}},"line":92}},"branchMap":{"0":{"loc":{"start":{"line":22,"column":6},"end":{"line":24,"column":7}},"type":"if","locations":[{"start":{"line":22,"column":6},"end":{"line":24,"column":7}},{"start":{"line":22,"column":6},"end":{"line":24,"column":7}}],"line":22},"1":{"loc":{"start":{"line":33,"column":6},"end":{"line":35,"column":7}},"type":"if","locations":[{"start":{"line":33,"column":6},"end":{"line":35,"column":7}},{"start":{"line":33,"column":6},"end":{"line":35,"column":7}}],"line":33},"2":{"loc":{"start":{"line":41,"column":6},"end":{"line":43,"column":7}},"type":"if","locations":[{"start":{"line":41,"column":6},"end":{"line":43,"column":7}},{"start":{"line":41,"column":6},"end":{"line":43,"column":7}}],"line":41},"3":{"loc":{"start":{"line":65,"column":6},"end":{"line":67,"column":7}},"type":"if","locations":[{"start":{"line":65,"column":6},"end":{"line":67,"column":7}},{"start":{"line":65,"column":6},"end":{"line":67,"column":7}}],"line":65},"4":{"loc":{"start":{"line":65,"column":10},"end":{"line":65,"column":28}},"type":"binary-expr","locations":[{"start":{"line":65,"column":10},"end":{"line":65,"column":16}},{"start":{"line":65,"column":20},"end":{"line":65,"column":28}}],"line":65},"5":{"loc":{"start":{"line":74,"column":6},"end":{"line":79,"column":7}},"type":"if","locations":[{"start":{"line":74,"column":6},"end":{"line":79,"column":7}},{"start":{"line":74,"column":6},"end":{"line":79,"column":7}}],"line":74},"6":{"loc":{"start":{"line":102,"column":6},"end":{"line":104,"column":7}},"type":"if","locations":[{"start":{"line":102,"column":6},"end":{"line":104,"column":7}},{"start":{"line":102,"column":6},"end":{"line":104,"column":7}}],"line":102},"7":{"loc":{"start":{"line":110,"column":6},"end":{"line":112,"column":7}},"type":"if","locations":[{"start":{"line":110,"column":6},"end":{"line":112,"column":7}},{"start":{"line":110,"column":6},"end":{"line":112,"column":7}}],"line":110}},"s":{"0":0,"1":0,"2":0,"3":0,"4":0,"5":0,"6":0,"7":0,"8":0,"9":0,"10":0,"11":0,"12":0,"13":0,"14":0,"15":0,"16":0,"17":0,"18":0,"19":0,"20":0,"21":0,"22":0,"23":0,"24":0,"25":0,"26":0,"27":0,"28":0,"29":0,"30":0,"31":0,"32":0,"33":0,"34":0,"35":0,"36":0,"37":0,"38":0,"39":0,"40":0,"41":0,"42":0,"43":0,"44":0,"45":0,"46":0},"f":{"0":0,"1":0,"2":0,"3":0},"b":{"0":[0,0],"1":[0,0],"2":[0,0],"3":[0,0],"4":[0,0],"5":[0,0],"6":[0,0],"7":[0,0]},"hash":"c5cc942dcfe72b66e6640b0bf085a08fd5b0ea53"}
,"/Users/sbian/Desktop/calculatorApp/calculatorAPI/src/dataAccess/EntityDao.js": {"path":"/Users/sbian/Desktop/calculatorApp/calculatorAPI/src/dataAccess/EntityDao.js","statementMap":{"0":{"start":{"line":3,"column":4},"end":{"line":3,"column":25}},"1":{"start":{"line":4,"column":4},"end":{"line":4,"column":17}},"2":{"start":{"line":5,"column":4},"end":{"line":5,"column":33}},"3":{"start":{"line":10,"column":4},"end":{"line":10,"column":51}},"4":{"start":{"line":15,"column":4},"end":{"line":15,"column":54}},"5":{"start":{"line":20,"column":4},"end":{"line":20,"column":54}}},"fnMap":{"0":{"name":"(anonymous_0)","decl":{"start":{"line":2,"column":2},"end":{"line":2,"column":3}},"loc":{"start":{"line":2,"column":42},"end":{"line":6,"column":3}},"line":2},"1":{"name":"(anonymous_1)","decl":{"start":{"line":9,"column":2},"end":{"line":9,"column":3}},"loc":{"start":{"line":9,"column":35},"end":{"line":11,"column":3}},"line":9},"2":{"name":"(anonymous_2)","decl":{"start":{"line":14,"column":2},"end":{"line":14,"column":3}},"loc":{"start":{"line":14,"column":37},"end":{"line":16,"column":3}},"line":14},"3":{"name":"(anonymous_3)","decl":{"start":{"line":19,"column":2},"end":{"line":19,"column":3}},"loc":{"start":{"line":19,"column":33},"end":{"line":21,"column":3}},"line":19}},"branchMap":{},"s":{"0":0,"1":0,"2":0,"3":0,"4":0,"5":0},"f":{"0":0,"1":0,"2":0,"3":0},"b":{},"hash":"7958d35e104a175c508054baa17deb9135e7913d"}
,"/Users/sbian/Desktop/calculatorApp/calculatorAPI/src/dataAccess/ExecutionsDao.js": {"path":"/Users/sbian/Desktop/calculatorApp/calculatorAPI/src/dataAccess/ExecutionsDao.js","statementMap":{"0":{"start":{"line":12,"column":4},"end":{"line":12,"column":43}},"1":{"start":{"line":16,"column":4},"end":{"line":38,"column":5}},"2":{"start":{"line":17,"column":6},"end":{"line":17,"column":72}},"3":{"start":{"line":18,"column":6},"end":{"line":20,"column":7}},"4":{"start":{"line":19,"column":8},"end":{"line":19,"column":53}},"5":{"start":{"line":21,"column":23},"end":{"line":26,"column":32}},"6":{"start":{"line":28,"column":6},"end":{"line":31,"column":7}},"7":{"start":{"line":29,"column":8},"end":{"line":29,"column":70}},"8":{"start":{"line":30,"column":8},"end":{"line":30,"column":17}},"9":{"start":{"line":33,"column":20},"end":{"line":33,"column":30}},"10":{"start":{"line":34,"column":6},"end":{"line":34,"column":72}},"11":{"start":{"line":35,"column":6},"end":{"line":35,"column":19}},"12":{"start":{"line":37,"column":6},"end":{"line":37,"column":73}},"13":{"start":{"line":42,"column":4},"end":{"line":54,"column":5}},"14":{"start":{"line":43,"column":6},"end":{"line":43,"column":59}},"15":{"start":{"line":44,"column":20},"end":{"line":48,"column":26}},"16":{"start":{"line":50,"column":6},"end":{"line":50,"column":68}},"17":{"start":{"line":51,"column":6},"end":{"line":51,"column":19}},"18":{"start":{"line":53,"column":6},"end":{"line":53,"column":69}},"19":{"start":{"line":58,"column":4},"end":{"line":79,"column":5}},"20":{"start":{"line":59,"column":6},"end":{"line":59,"column":80}},"21":{"start":{"line":60,"column":6},"end":{"line":62,"column":7}},"22":{"start":{"line":61,"column":8},"end":{"line":61,"column":53}},"23":{"start":{"line":64,"column":27},"end":{"line":70,"column":23}},"24":{"start":{"line":72,"column":6},"end":{"line":74,"column":7}},"25":{"start":{"line":73,"column":8},"end":{"line":73,"column":65}},"26":{"start":{"line":75,"column":6},"end":{"line":75,"column":75}},"27":{"start":{"line":76,"column":6},"end":{"line":76,"column":24}},"28":{"start":{"line":78,"column":6},"end":{"line":78,"column":71}}},"fnMap":{"0":{"name":"(anonymous_0)","decl":{"start":{"line":11,"column":2},"end":{"line":11,"column":3}},"loc":{"start":{"line":11,"column":47},"end":{"line":13,"column":3}},"line":11},"1":{"name":"(anonymous_1)","decl":{"start":{"line":15,"column":2},"end":{"line":15,"column":3}},"loc":{"start":{"line":15,"column":33},"end":{"line":39,"column":3}},"line":15},"2":{"name":"(anonymous_2)","decl":{"start":{"line":41,"column":2},"end":{"line":41,"column":3}},"loc":{"start":{"line":41,"column":23},"end":{"line":55,"column":3}},"line":41},"3":{"name":"(anonymous_3)","decl":{"start":{"line":57,"column":2},"end":{"line":57,"column":3}},"loc":{"start":{"line":57,"column":39},"end":{"line":80,"column":3}},"line":57}},"branchMap":{"0":{"loc":{"start":{"line":18,"column":6},"end":{"line":20,"column":7}},"type":"if","locations":[{"start":{"line":18,"column":6},"end":{"line":20,"column":7}},{"start":{"line":18,"column":6},"end":{"line":20,"column":7}}],"line":18},"1":{"loc":{"start":{"line":28,"column":6},"end":{"line":31,"column":7}},"type":"if","locations":[{"start":{"line":28,"column":6},"end":{"line":31,"column":7}},{"start":{"line":28,"column":6},"end":{"line":31,"column":7}}],"line":28},"2":{"loc":{"start":{"line":60,"column":6},"end":{"line":62,"column":7}},"type":"if","locations":[{"start":{"line":60,"column":6},"end":{"line":62,"column":7}},{"start":{"line":60,"column":6},"end":{"line":62,"column":7}}],"line":60},"3":{"loc":{"start":{"line":60,"column":10},"end":{"line":60,"column":30}},"type":"binary-expr","locations":[{"start":{"line":60,"column":10},"end":{"line":60,"column":17}},{"start":{"line":60,"column":21},"end":{"line":60,"column":30}}],"line":60},"4":{"loc":{"start":{"line":72,"column":6},"end":{"line":74,"column":7}},"type":"if","locations":[{"start":{"line":72,"column":6},"end":{"line":74,"column":7}},{"start":{"line":72,"column":6},"end":{"line":74,"column":7}}],"line":72}},"s":{"0":0,"1":0,"2":0,"3":0,"4":0,"5":0,"6":0,"7":0,"8":0,"9":0,"10":0,"11":0,"12":0,"13":0,"14":0,"15":0,"16":0,"17":0,"18":0,"19":0,"20":0,"21":0,"22":0,"23":0,"24":0,"25":0,"26":0,"27":0,"28":0},"f":{"0":0,"1":0,"2":0,"3":0},"b":{"0":[0,0],"1":[0,0],"2":[0,0],"3":[0,0],"4":[0,0]},"hash":"fb6f043f94f30d5467bf70faad292401991a1616"}
,"/Users/sbian/Desktop/calculatorApp/calculatorAPI/src/dataAccess/ThemesDao.js": {"path":"/Users/sbian/Desktop/calculatorApp/calculatorAPI/src/dataAccess/ThemesDao.js","statementMap":{"0":{"start":{"line":5,"column":4},"end":{"line":5,"column":38}},"1":{"start":{"line":9,"column":4},"end":{"line":22,"column":5}},"2":{"start":{"line":10,"column":6},"end":{"line":10,"column":71}},"3":{"start":{"line":11,"column":6},"end":{"line":13,"column":7}},"4":{"start":{"line":12,"column":8},"end":{"line":12,"column":53}},"5":{"start":{"line":14,"column":22},"end":{"line":17,"column":29}},"6":{"start":{"line":18,"column":6},"end":{"line":18,"column":71}},"7":{"start":{"line":19,"column":6},"end":{"line":19,"column":19}},"8":{"start":{"line":21,"column":6},"end":{"line":21,"column":72}},"9":{"start":{"line":26,"column":4},"end":{"line":34,"column":5}},"10":{"start":{"line":27,"column":6},"end":{"line":27,"column":57}},"11":{"start":{"line":29,"column":21},"end":{"line":29,"column":68}},"12":{"start":{"line":30,"column":6},"end":{"line":30,"column":67}},"13":{"start":{"line":31,"column":6},"end":{"line":31,"column":20}},"14":{"start":{"line":33,"column":6},"end":{"line":33,"column":67}}},"fnMap":{"0":{"name":"(anonymous_0)","decl":{"start":{"line":4,"column":2},"end":{"line":4,"column":3}},"loc":{"start":{"line":4,"column":42},"end":{"line":6,"column":3}},"line":4},"1":{"name":"(anonymous_1)","decl":{"start":{"line":8,"column":2},"end":{"line":8,"column":3}},"loc":{"start":{"line":8,"column":35},"end":{"line":23,"column":3}},"line":8},"2":{"name":"(anonymous_2)","decl":{"start":{"line":25,"column":2},"end":{"line":25,"column":3}},"loc":{"start":{"line":25,"column":23},"end":{"line":35,"column":3}},"line":25}},"branchMap":{"0":{"loc":{"start":{"line":11,"column":6},"end":{"line":13,"column":7}},"type":"if","locations":[{"start":{"line":11,"column":6},"end":{"line":13,"column":7}},{"start":{"line":11,"column":6},"end":{"line":13,"column":7}}],"line":11}},"s":{"0":0,"1":0,"2":0,"3":0,"4":0,"5":0,"6":0,"7":0,"8":0,"9":0,"10":0,"11":0,"12":0,"13":0,"14":0},"f":{"0":0,"1":0,"2":0},"b":{"0":[0,0]},"hash":"11a679ca009ac31bdd2c3f966ddf27d8f1a075d3"}
,"/Users/sbian/Desktop/calculatorApp/calculatorAPI/src/dataAccess/UsersDao.js": {"path":"/Users/sbian/Desktop/calculatorApp/calculatorAPI/src/dataAccess/UsersDao.js","statementMap":{"0":{"start":{"line":6,"column":4},"end":{"line":6,"column":38}},"1":{"start":{"line":10,"column":4},"end":{"line":41,"column":5}},"2":{"start":{"line":11,"column":6},"end":{"line":14,"column":9}},"3":{"start":{"line":16,"column":6},"end":{"line":23,"column":7}},"4":{"start":{"line":17,"column":8},"end":{"line":21,"column":10}},"5":{"start":{"line":22,"column":8},"end":{"line":22,"column":62}},"6":{"start":{"line":24,"column":21},"end":{"line":29,"column":23}},"7":{"start":{"line":31,"column":6},"end":{"line":34,"column":7}},"8":{"start":{"line":32,"column":8},"end":{"line":32,"column":74}},"9":{"start":{"line":33,"column":8},"end":{"line":33,"column":55}},"10":{"start":{"line":36,"column":6},"end":{"line":36,"column":33}},"11":{"start":{"line":37,"column":6},"end":{"line":37,"column":77}},"12":{"start":{"line":38,"column":6},"end":{"line":38,"column":18}},"13":{"start":{"line":40,"column":6},"end":{"line":40,"column":75}},"14":{"start":{"line":45,"column":4},"end":{"line":76,"column":5}},"15":{"start":{"line":46,"column":6},"end":{"line":46,"column":75}},"16":{"start":{"line":48,"column":6},"end":{"line":51,"column":7}},"17":{"start":{"line":49,"column":8},"end":{"line":49,"column":78}},"18":{"start":{"line":50,"column":8},"end":{"line":50,"column":55}},"19":{"start":{"line":53,"column":18},"end":{"line":53,"column":42}},"20":{"start":{"line":55,"column":29},"end":{"line":55,"column":56}},"21":{"start":{"line":57,"column":21},"end":{"line":64,"column":23}},"22":{"start":{"line":66,"column":6},"end":{"line":69,"column":7}},"23":{"start":{"line":67,"column":8},"end":{"line":67,"column":66}},"24":{"start":{"line":68,"column":8},"end":{"line":68,"column":55}},"25":{"start":{"line":71,"column":6},"end":{"line":71,"column":33}},"26":{"start":{"line":72,"column":6},"end":{"line":72,"column":63}},"27":{"start":{"line":73,"column":6},"end":{"line":73,"column":18}},"28":{"start":{"line":75,"column":6},"end":{"line":75,"column":61}},"29":{"start":{"line":80,"column":4},"end":{"line":92,"column":5}},"30":{"start":{"line":81,"column":6},"end":{"line":81,"column":55}},"31":{"start":{"line":82,"column":18},"end":{"line":82,"column":65}},"32":{"start":{"line":84,"column":6},"end":{"line":87,"column":9}},"33":{"start":{"line":85,"column":8},"end":{"line":85,"column":35}},"34":{"start":{"line":86,"column":8},"end":{"line":86,"column":20}},"35":{"start":{"line":88,"column":6},"end":{"line":88,"column":63}},"36":{"start":{"line":89,"column":6},"end":{"line":89,"column":19}},"37":{"start":{"line":91,"column":6},"end":{"line":91,"column":65}}},"fnMap":{"0":{"name":"(anonymous_0)","decl":{"start":{"line":5,"column":2},"end":{"line":5,"column":3}},"loc":{"start":{"line":5,"column":42},"end":{"line":7,"column":3}},"line":5},"1":{"name":"(anonymous_1)","decl":{"start":{"line":9,"column":2},"end":{"line":9,"column":3}},"loc":{"start":{"line":9,"column":47},"end":{"line":42,"column":3}},"line":9},"2":{"name":"(anonymous_2)","decl":{"start":{"line":44,"column":2},"end":{"line":44,"column":3}},"loc":{"start":{"line":44,"column":36},"end":{"line":77,"column":3}},"line":44},"3":{"name":"(anonymous_3)","decl":{"start":{"line":79,"column":2},"end":{"line":79,"column":3}},"loc":{"start":{"line":79,"column":22},"end":{"line":93,"column":3}},"line":79},"4":{"name":"(anonymous_4)","decl":{"start":{"line":84,"column":24},"end":{"line":84,"column":25}},"loc":{"start":{"line":84,"column":32},"end":{"line":87,"column":7}},"line":84}},"branchMap":{"0":{"loc":{"start":{"line":16,"column":6},"end":{"line":23,"column":7}},"type":"if","locations":[{"start":{"line":16,"column":6},"end":{"line":23,"column":7}},{"start":{"line":16,"column":6},"end":{"line":23,"column":7}}],"line":16},"1":{"loc":{"start":{"line":16,"column":10},"end":{"line":16,"column":29}},"type":"binary-expr","locations":[{"start":{"line":16,"column":10},"end":{"line":16,"column":17}},{"start":{"line":16,"column":21},"end":{"line":16,"column":29}}],"line":16},"2":{"loc":{"start":{"line":31,"column":6},"end":{"line":34,"column":7}},"type":"if","locations":[{"start":{"line":31,"column":6},"end":{"line":34,"column":7}},{"start":{"line":31,"column":6},"end":{"line":34,"column":7}}],"line":31},"3":{"loc":{"start":{"line":48,"column":6},"end":{"line":51,"column":7}},"type":"if","locations":[{"start":{"line":48,"column":6},"end":{"line":51,"column":7}},{"start":{"line":48,"column":6},"end":{"line":51,"column":7}}],"line":48},"4":{"loc":{"start":{"line":48,"column":10},"end":{"line":48,"column":32}},"type":"binary-expr","locations":[{"start":{"line":48,"column":10},"end":{"line":48,"column":19}},{"start":{"line":48,"column":23},"end":{"line":48,"column":32}}],"line":48},"5":{"loc":{"start":{"line":66,"column":6},"end":{"line":69,"column":7}},"type":"if","locations":[{"start":{"line":66,"column":6},"end":{"line":69,"column":7}},{"start":{"line":66,"column":6},"end":{"line":69,"column":7}}],"line":66}},"s":{"0":0,"1":0,"2":0,"3":0,"4":0,"5":0,"6":0,"7":0,"8":0,"9":0,"10":0,"11":0,"12":0,"13":0,"14":0,"15":0,"16":0,"17":0,"18":0,"19":0,"20":0,"21":0,"22":0,"23":0,"24":0,"25":0,"26":0,"27":0,"28":0,"29":0,"30":0,"31":0,"32":0,"33":0,"34":0,"35":0,"36":0,"37":0},"f":{"0":0,"1":0,"2":0,"3":0,"4":0},"b":{"0":[0,0],"1":[0,0],"2":[0,0],"3":[0,0],"4":[0,0],"5":[0,0]},"hash":"1fb95909061c2fdae2519441ef8f5ca024f59003"}
,"/Users/sbian/Desktop/calculatorApp/calculatorAPI/src/routes/executions.js": {"path":"/Users/sbian/Desktop/calculatorApp/calculatorAPI/src/routes/executions.js","statementMap":{"0":{"start":{"line":4,"column":15},"end":{"line":4,"column":31}},"1":{"start":{"line":6,"column":0},"end":{"line":6,"column":52}}},"fnMap":{},"branchMap":{},"s":{"0":0,"1":0},"f":{},"b":{},"hash":"2c8867ed40dd964c372121d39221fdb5c99fa13c"}
,"/Users/sbian/Desktop/calculatorApp/calculatorAPI/src/routes/register.js": {"path":"/Users/sbian/Desktop/calculatorApp/calculatorAPI/src/routes/register.js","statementMap":{"0":{"start":{"line":4,"column":15},"end":{"line":4,"column":31}},"1":{"start":{"line":6,"column":0},"end":{"line":6,"column":45}}},"fnMap":{},"branchMap":{},"s":{"0":0,"1":0},"f":{},"b":{},"hash":"34dc547c826e9445bb6dd57aeb7710bc6cf0dda1"}
,"/Users/sbian/Desktop/calculatorApp/calculatorAPI/src/routes/themes.js": {"path":"/Users/sbian/Desktop/calculatorApp/calculatorAPI/src/routes/themes.js","statementMap":{"0":{"start":{"line":4,"column":15},"end":{"line":4,"column":31}},"1":{"start":{"line":5,"column":0},"end":{"line":5,"column":47}}},"fnMap":{},"branchMap":{},"s":{"0":0,"1":0},"f":{},"b":{},"hash":"a0915b5c8d280855cd22dc88fbe28b8c9b3955a9"}
,"/Users/sbian/Desktop/calculatorApp/calculatorAPI/src/routes/token.js": {"path":"/Users/sbian/Desktop/calculatorApp/calculatorAPI/src/routes/token.js","statementMap":{"0":{"start":{"line":6,"column":15},"end":{"line":6,"column":31}},"1":{"start":{"line":7,"column":19},"end":{"line":7,"column":41}},"2":{"start":{"line":9,"column":0},"end":{"line":29,"column":3}},"3":{"start":{"line":10,"column":19},"end":{"line":10,"column":36}},"4":{"start":{"line":11,"column":19},"end":{"line":11,"column":36}},"5":{"start":{"line":12,"column":17},"end":{"line":15,"column":24}},"6":{"start":{"line":17,"column":2},"end":{"line":17,"column":56}},"7":{"start":{"line":17,"column":13},"end":{"line":17,"column":56}},"8":{"start":{"line":20,"column":19},"end":{"line":20,"column":69}},"9":{"start":{"line":22,"column":2},"end":{"line":22,"column":60}},"10":{"start":{"line":22,"column":17},"end":{"line":22,"column":60}},"11":{"start":{"line":24,"column":16},"end":{"line":27,"column":4}},"12":{"start":{"line":28,"column":2},"end":{"line":28,"column":25}}},"fnMap":{"0":{"name":"(anonymous_0)","decl":{"start":{"line":9,"column":17},"end":{"line":9,"column":18}},"loc":{"start":{"line":9,"column":37},"end":{"line":29,"column":1}},"line":9}},"branchMap":{"0":{"loc":{"start":{"line":17,"column":2},"end":{"line":17,"column":56}},"type":"if","locations":[{"start":{"line":17,"column":2},"end":{"line":17,"column":56}},{"start":{"line":17,"column":2},"end":{"line":17,"column":56}}],"line":17},"1":{"loc":{"start":{"line":22,"column":2},"end":{"line":22,"column":60}},"type":"if","locations":[{"start":{"line":22,"column":2},"end":{"line":22,"column":60}},{"start":{"line":22,"column":2},"end":{"line":22,"column":60}}],"line":22}},"s":{"0":0,"1":0,"2":0,"3":0,"4":0,"5":0,"6":0,"7":0,"8":0,"9":0,"10":0,"11":0,"12":0},"f":{"0":0},"b":{"0":[0,0],"1":[0,0]},"hash":"69bbdf1ba584513d6a061ae67a381887c3c4409d"}
,"/Users/sbian/Desktop/calculatorApp/calculatorAPI/src/routes/users.js": {"path":"/Users/sbian/Desktop/calculatorApp/calculatorAPI/src/routes/users.js","statementMap":{"0":{"start":{"line":4,"column":15},"end":{"line":4,"column":31}},"1":{"start":{"line":6,"column":0},"end":{"line":6,"column":45}},"2":{"start":{"line":45,"column":0},"end":{"line":45,"column":53}},"3":{"start":{"line":57,"column":0},"end":{"line":57,"column":77}}},"fnMap":{},"branchMap":{},"s":{"0":0,"1":0,"2":0,"3":0},"f":{},"b":{},"hash":"7198b101cf598f5f91b53f9fff1e7a10ef5851cd"}
,"/Users/sbian/Desktop/calculatorApp/calculatorAPI/src/services/EntityService.js": {"path":"/Users/sbian/Desktop/calculatorApp/calculatorAPI/src/services/EntityService.js","statementMap":{"0":{"start":{"line":15,"column":4},"end":{"line":15,"column":25}},"1":{"start":{"line":19,"column":4},"end":{"line":19,"column":51}},"2":{"start":{"line":23,"column":4},"end":{"line":23,"column":55}},"3":{"start":{"line":27,"column":4},"end":{"line":27,"column":54}}},"fnMap":{"0":{"name":"(anonymous_0)","decl":{"start":{"line":14,"column":2},"end":{"line":14,"column":3}},"loc":{"start":{"line":14,"column":26},"end":{"line":16,"column":3}},"line":14},"1":{"name":"(anonymous_1)","decl":{"start":{"line":18,"column":2},"end":{"line":18,"column":3}},"loc":{"start":{"line":18,"column":35},"end":{"line":20,"column":3}},"line":18},"2":{"name":"(anonymous_2)","decl":{"start":{"line":22,"column":2},"end":{"line":22,"column":3}},"loc":{"start":{"line":22,"column":39},"end":{"line":24,"column":3}},"line":22},"3":{"name":"(anonymous_3)","decl":{"start":{"line":26,"column":2},"end":{"line":26,"column":3}},"loc":{"start":{"line":26,"column":33},"end":{"line":28,"column":3}},"line":26}},"branchMap":{},"s":{"0":0,"1":0,"2":0,"3":0},"f":{"0":0,"1":0,"2":0,"3":0},"b":{},"hash":"3f9816c9d7895704e6678e4fe722cbc9f383040d"}
,"/Users/sbian/Desktop/calculatorApp/calculatorAPI/src/services/ExecutionsService.js": {"path":"/Users/sbian/Desktop/calculatorApp/calculatorAPI/src/services/ExecutionsService.js","statementMap":{"0":{"start":{"line":11,"column":4},"end":{"line":11,"column":22}},"1":{"start":{"line":12,"column":4},"end":{"line":12,"column":39}},"2":{"start":{"line":16,"column":4},"end":{"line":33,"column":5}},"3":{"start":{"line":17,"column":6},"end":{"line":20,"column":9}},"4":{"start":{"line":21,"column":6},"end":{"line":23,"column":7}},"5":{"start":{"line":22,"column":8},"end":{"line":22,"column":60}},"6":{"start":{"line":24,"column":6},"end":{"line":26,"column":7}},"7":{"start":{"line":25,"column":8},"end":{"line":25,"column":69}},"8":{"start":{"line":27,"column":20},"end":{"line":27,"column":69}},"9":{"start":{"line":28,"column":6},"end":{"line":28,"column":78}},"10":{"start":{"line":29,"column":6},"end":{"line":29,"column":19}},"11":{"start":{"line":31,"column":6},"end":{"line":31,"column":23}},"12":{"start":{"line":32,"column":6},"end":{"line":32,"column":79}},"13":{"start":{"line":37,"column":4},"end":{"line":60,"column":5}},"14":{"start":{"line":38,"column":6},"end":{"line":41,"column":9}},"15":{"start":{"line":42,"column":6},"end":{"line":44,"column":7}},"16":{"start":{"line":43,"column":8},"end":{"line":43,"column":70}},"17":{"start":{"line":45,"column":6},"end":{"line":47,"column":7}},"18":{"start":{"line":46,"column":8},"end":{"line":46,"column":69}},"19":{"start":{"line":48,"column":27},"end":{"line":51,"column":7}},"20":{"start":{"line":52,"column":6},"end":{"line":55,"column":8}},"21":{"start":{"line":56,"column":6},"end":{"line":56,"column":26}},"22":{"start":{"line":58,"column":6},"end":{"line":58,"column":23}},"23":{"start":{"line":59,"column":6},"end":{"line":59,"column":75}}},"fnMap":{"0":{"name":"(anonymous_0)","decl":{"start":{"line":10,"column":2},"end":{"line":10,"column":3}},"loc":{"start":{"line":10,"column":41},"end":{"line":13,"column":3}},"line":10},"1":{"name":"(anonymous_1)","decl":{"start":{"line":15,"column":2},"end":{"line":15,"column":3}},"loc":{"start":{"line":15,"column":44},"end":{"line":34,"column":3}},"line":15},"2":{"name":"(anonymous_2)","decl":{"start":{"line":36,"column":2},"end":{"line":36,"column":3}},"loc":{"start":{"line":36,"column":50},"end":{"line":61,"column":3}},"line":36}},"branchMap":{"0":{"loc":{"start":{"line":21,"column":6},"end":{"line":23,"column":7}},"type":"if","locations":[{"start":{"line":21,"column":6},"end":{"line":23,"column":7}},{"start":{"line":21,"column":6},"end":{"line":23,"column":7}}],"line":21},"1":{"loc":{"start":{"line":21,"column":10},"end":{"line":21,"column":27}},"type":"binary-expr","locations":[{"start":{"line":21,"column":10},"end":{"line":21,"column":16}},{"start":{"line":21,"column":20},"end":{"line":21,"column":27}}],"line":21},"2":{"loc":{"start":{"line":24,"column":6},"end":{"line":26,"column":7}},"type":"if","locations":[{"start":{"line":24,"column":6},"end":{"line":26,"column":7}},{"start":{"line":24,"column":6},"end":{"line":26,"column":7}}],"line":24},"3":{"loc":{"start":{"line":42,"column":6},"end":{"line":44,"column":7}},"type":"if","locations":[{"start":{"line":42,"column":6},"end":{"line":44,"column":7}},{"start":{"line":42,"column":6},"end":{"line":44,"column":7}}],"line":42},"4":{"loc":{"start":{"line":42,"column":10},"end":{"line":42,"column":40}},"type":"binary-expr","locations":[{"start":{"line":42,"column":10},"end":{"line":42,"column":16}},{"start":{"line":42,"column":20},"end":{"line":42,"column":27}},{"start":{"line":42,"column":31},"end":{"line":42,"column":40}}],"line":42},"5":{"loc":{"start":{"line":45,"column":6},"end":{"line":47,"column":7}},"type":"if","locations":[{"start":{"line":45,"column":6},"end":{"line":47,"column":7}},{"start":{"line":45,"column":6},"end":{"line":47,"column":7}}],"line":45}},"s":{"0":0,"1":0,"2":0,"3":0,"4":0,"5":0,"6":0,"7":0,"8":0,"9":0,"10":0,"11":0,"12":0,"13":0,"14":0,"15":0,"16":0,"17":0,"18":0,"19":0,"20":0,"21":0,"22":0,"23":0},"f":{"0":0,"1":0,"2":0},"b":{"0":[0,0],"1":[0,0],"2":[0,0],"3":[0,0],"4":[0,0,0],"5":[0,0]},"hash":"c90686da362c552fd057a398f1e686f6cee864b7"}
,"/Users/sbian/Desktop/calculatorApp/calculatorAPI/src/services/ThemesService.js": {"path":"/Users/sbian/Desktop/calculatorApp/calculatorAPI/src/services/ThemesService.js","statementMap":{"0":{"start":{"line":5,"column":4},"end":{"line":5,"column":22}},"1":{"start":{"line":6,"column":4},"end":{"line":6,"column":31}},"2":{"start":{"line":10,"column":4},"end":{"line":28,"column":5}},"3":{"start":{"line":11,"column":6},"end":{"line":14,"column":9}},"4":{"start":{"line":15,"column":6},"end":{"line":17,"column":7}},"5":{"start":{"line":16,"column":8},"end":{"line":16,"column":60}},"6":{"start":{"line":18,"column":6},"end":{"line":20,"column":7}},"7":{"start":{"line":19,"column":8},"end":{"line":19,"column":69}},"8":{"start":{"line":22,"column":20},"end":{"line":22,"column":73}},"9":{"start":{"line":24,"column":6},"end":{"line":24,"column":74}},"10":{"start":{"line":25,"column":6},"end":{"line":25,"column":19}},"11":{"start":{"line":27,"column":6},"end":{"line":27,"column":75}},"12":{"start":{"line":32,"column":4},"end":{"line":54,"column":5}},"13":{"start":{"line":33,"column":6},"end":{"line":37,"column":9}},"14":{"start":{"line":38,"column":6},"end":{"line":40,"column":7}},"15":{"start":{"line":39,"column":8},"end":{"line":39,"column":67}},"16":{"start":{"line":41,"column":6},"end":{"line":43,"column":7}},"17":{"start":{"line":42,"column":8},"end":{"line":42,"column":69}},"18":{"start":{"line":45,"column":20},"end":{"line":45,"column":73}},"19":{"start":{"line":46,"column":6},"end":{"line":48,"column":7}},"20":{"start":{"line":47,"column":8},"end":{"line":47,"column":62}},"21":{"start":{"line":50,"column":6},"end":{"line":50,"column":73}},"22":{"start":{"line":51,"column":6},"end":{"line":51,"column":19}},"23":{"start":{"line":53,"column":6},"end":{"line":53,"column":74}},"24":{"start":{"line":58,"column":4},"end":{"line":82,"column":5}},"25":{"start":{"line":59,"column":6},"end":{"line":62,"column":9}},"26":{"start":{"line":63,"column":6},"end":{"line":65,"column":7}},"27":{"start":{"line":64,"column":8},"end":{"line":64,"column":60}},"28":{"start":{"line":66,"column":6},"end":{"line":68,"column":7}},"29":{"start":{"line":67,"column":8},"end":{"line":67,"column":69}},"30":{"start":{"line":70,"column":21},"end":{"line":70,"column":56}},"31":{"start":{"line":71,"column":6},"end":{"line":76,"column":7}},"32":{"start":{"line":72,"column":8},"end":{"line":74,"column":11}},"33":{"start":{"line":75,"column":8},"end":{"line":75,"column":57}},"34":{"start":{"line":78,"column":6},"end":{"line":78,"column":75}},"35":{"start":{"line":79,"column":6},"end":{"line":79,"column":20}},"36":{"start":{"line":81,"column":6},"end":{"line":81,"column":71}}},"fnMap":{"0":{"name":"(anonymous_0)","decl":{"start":{"line":4,"column":2},"end":{"line":4,"column":3}},"loc":{"start":{"line":4,"column":37},"end":{"line":7,"column":3}},"line":4},"1":{"name":"(anonymous_1)","decl":{"start":{"line":9,"column":2},"end":{"line":9,"column":3}},"loc":{"start":{"line":9,"column":44},"end":{"line":29,"column":3}},"line":9},"2":{"name":"(anonymous_2)","decl":{"start":{"line":31,"column":2},"end":{"line":31,"column":3}},"loc":{"start":{"line":31,"column":50},"end":{"line":55,"column":3}},"line":31},"3":{"name":"(anonymous_3)","decl":{"start":{"line":57,"column":2},"end":{"line":57,"column":3}},"loc":{"start":{"line":57,"column":40},"end":{"line":83,"column":3}},"line":57}},"branchMap":{"0":{"loc":{"start":{"line":15,"column":6},"end":{"line":17,"column":7}},"type":"if","locations":[{"start":{"line":15,"column":6},"end":{"line":17,"column":7}},{"start":{"line":15,"column":6},"end":{"line":17,"column":7}}],"line":15},"1":{"loc":{"start":{"line":15,"column":10},"end":{"line":15,"column":27}},"type":"binary-expr","locations":[{"start":{"line":15,"column":10},"end":{"line":15,"column":16}},{"start":{"line":15,"column":20},"end":{"line":15,"column":27}}],"line":15},"2":{"loc":{"start":{"line":18,"column":6},"end":{"line":20,"column":7}},"type":"if","locations":[{"start":{"line":18,"column":6},"end":{"line":20,"column":7}},{"start":{"line":18,"column":6},"end":{"line":20,"column":7}}],"line":18},"3":{"loc":{"start":{"line":38,"column":6},"end":{"line":40,"column":7}},"type":"if","locations":[{"start":{"line":38,"column":6},"end":{"line":40,"column":7}},{"start":{"line":38,"column":6},"end":{"line":40,"column":7}}],"line":38},"4":{"loc":{"start":{"line":38,"column":10},"end":{"line":38,"column":37}},"type":"binary-expr","locations":[{"start":{"line":38,"column":10},"end":{"line":38,"column":16}},{"start":{"line":38,"column":20},"end":{"line":38,"column":27}},{"start":{"line":38,"column":31},"end":{"line":38,"column":37}}],"line":38},"5":{"loc":{"start":{"line":41,"column":6},"end":{"line":43,"column":7}},"type":"if","locations":[{"start":{"line":41,"column":6},"end":{"line":43,"column":7}},{"start":{"line":41,"column":6},"end":{"line":43,"column":7}}],"line":41},"6":{"loc":{"start":{"line":46,"column":6},"end":{"line":48,"column":7}},"type":"if","locations":[{"start":{"line":46,"column":6},"end":{"line":48,"column":7}},{"start":{"line":46,"column":6},"end":{"line":48,"column":7}}],"line":46},"7":{"loc":{"start":{"line":63,"column":6},"end":{"line":65,"column":7}},"type":"if","locations":[{"start":{"line":63,"column":6},"end":{"line":65,"column":7}},{"start":{"line":63,"column":6},"end":{"line":65,"column":7}}],"line":63},"8":{"loc":{"start":{"line":63,"column":10},"end":{"line":63,"column":27}},"type":"binary-expr","locations":[{"start":{"line":63,"column":10},"end":{"line":63,"column":16}},{"start":{"line":63,"column":20},"end":{"line":63,"column":27}}],"line":63},"9":{"loc":{"start":{"line":66,"column":6},"end":{"line":68,"column":7}},"type":"if","locations":[{"start":{"line":66,"column":6},"end":{"line":68,"column":7}},{"start":{"line":66,"column":6},"end":{"line":68,"column":7}}],"line":66},"10":{"loc":{"start":{"line":71,"column":6},"end":{"line":76,"column":7}},"type":"if","locations":[{"start":{"line":71,"column":6},"end":{"line":76,"column":7}},{"start":{"line":71,"column":6},"end":{"line":76,"column":7}}],"line":71}},"s":{"0":0,"1":0,"2":0,"3":0,"4":0,"5":0,"6":0,"7":0,"8":0,"9":0,"10":0,"11":0,"12":0,"13":0,"14":0,"15":0,"16":0,"17":0,"18":0,"19":0,"20":0,"21":0,"22":0,"23":0,"24":0,"25":0,"26":0,"27":0,"28":0,"29":0,"30":0,"31":0,"32":0,"33":0,"34":0,"35":0,"36":0},"f":{"0":0,"1":0,"2":0,"3":0},"b":{"0":[0,0],"1":[0,0],"2":[0,0],"3":[0,0],"4":[0,0,0],"5":[0,0],"6":[0,0],"7":[0,0],"8":[0,0],"9":[0,0],"10":[0,0]},"hash":"7f5b67d3b700236017cb219b3a9c57a9b3d2a3d5"}
,"/Users/sbian/Desktop/calculatorApp/calculatorAPI/src/services/UsersService.js": {"path":"/Users/sbian/Desktop/calculatorApp/calculatorAPI/src/services/UsersService.js","statementMap":{"0":{"start":{"line":6,"column":4},"end":{"line":6,"column":22}},"1":{"start":{"line":7,"column":4},"end":{"line":7,"column":31}},"2":{"start":{"line":8,"column":4},"end":{"line":8,"column":39}},"3":{"start":{"line":9,"column":4},"end":{"line":9,"column":29}},"4":{"start":{"line":13,"column":4},"end":{"line":37,"column":5}},"5":{"start":{"line":14,"column":6},"end":{"line":18,"column":9}},"6":{"start":{"line":19,"column":6},"end":{"line":21,"column":7}},"7":{"start":{"line":20,"column":8},"end":{"line":20,"column":67}},"8":{"start":{"line":22,"column":6},"end":{"line":24,"column":7}},"9":{"start":{"line":23,"column":8},"end":{"line":23,"column":69}},"10":{"start":{"line":26,"column":36},"end":{"line":29,"column":7}},"11":{"start":{"line":31,"column":6},"end":{"line":33,"column":9}},"12":{"start":{"line":34,"column":6},"end":{"line":34,"column":35}},"13":{"start":{"line":36,"column":6},"end":{"line":36,"column":79}},"14":{"start":{"line":41,"column":4},"end":{"line":58,"column":5}},"15":{"start":{"line":42,"column":6},"end":{"line":42,"column":80}},"16":{"start":{"line":43,"column":6},"end":{"line":45,"column":7}},"17":{"start":{"line":44,"column":8},"end":{"line":44,"column":55}},"18":{"start":{"line":46,"column":30},"end":{"line":46,"column":77}},"19":{"start":{"line":48,"column":6},"end":{"line":50,"column":7}},"20":{"start":{"line":49,"column":8},"end":{"line":49,"column":62}},"21":{"start":{"line":51,"column":6},"end":{"line":51,"column":78}},"22":{"start":{"line":52,"column":6},"end":{"line":52,"column":29}},"23":{"start":{"line":54,"column":6},"end":{"line":54,"column":27}},"24":{"start":{"line":55,"column":6},"end":{"line":57,"column":9}},"25":{"start":{"line":62,"column":4},"end":{"line":93,"column":5}},"26":{"start":{"line":63,"column":6},"end":{"line":66,"column":9}},"27":{"start":{"line":67,"column":6},"end":{"line":69,"column":7}},"28":{"start":{"line":68,"column":8},"end":{"line":68,"column":60}},"29":{"start":{"line":70,"column":6},"end":{"line":72,"column":7}},"30":{"start":{"line":71,"column":8},"end":{"line":71,"column":69}},"31":{"start":{"line":74,"column":23},"end":{"line":74,"column":56}},"32":{"start":{"line":76,"column":19},"end":{"line":76,"column":58}},"33":{"start":{"line":77,"column":6},"end":{"line":77,"column":41}},"34":{"start":{"line":79,"column":28},"end":{"line":85,"column":8}},"35":{"start":{"line":80,"column":30},"end":{"line":83,"column":9}},"36":{"start":{"line":84,"column":8},"end":{"line":84,"column":29}},"37":{"start":{"line":87,"column":6},"end":{"line":87,"column":69}},"38":{"start":{"line":89,"column":6},"end":{"line":89,"column":78}},"39":{"start":{"line":90,"column":6},"end":{"line":90,"column":29}},"40":{"start":{"line":92,"column":6},"end":{"line":92,"column":69}}},"fnMap":{"0":{"name":"(anonymous_0)","decl":{"start":{"line":5,"column":2},"end":{"line":5,"column":3}},"loc":{"start":{"line":5,"column":62},"end":{"line":10,"column":3}},"line":5},"1":{"name":"(anonymous_1)","decl":{"start":{"line":12,"column":2},"end":{"line":12,"column":3}},"loc":{"start":{"line":12,"column":58},"end":{"line":38,"column":3}},"line":12},"2":{"name":"(anonymous_2)","decl":{"start":{"line":40,"column":2},"end":{"line":40,"column":3}},"loc":{"start":{"line":40,"column":40},"end":{"line":59,"column":3}},"line":40},"3":{"name":"(anonymous_3)","decl":{"start":{"line":61,"column":2},"end":{"line":61,"column":3}},"loc":{"start":{"line":61,"column":39},"end":{"line":94,"column":3}},"line":61},"4":{"name":"(anonymous_4)","decl":{"start":{"line":79,"column":41},"end":{"line":79,"column":42}},"loc":{"start":{"line":79,"column":49},"end":{"line":85,"column":7}},"line":79}},"branchMap":{"0":{"loc":{"start":{"line":19,"column":6},"end":{"line":21,"column":7}},"type":"if","locations":[{"start":{"line":19,"column":6},"end":{"line":21,"column":7}},{"start":{"line":19,"column":6},"end":{"line":21,"column":7}}],"line":19},"1":{"loc":{"start":{"line":19,"column":10},"end":{"line":19,"column":39}},"type":"binary-expr","locations":[{"start":{"line":19,"column":10},"end":{"line":19,"column":16}},{"start":{"line":19,"column":20},"end":{"line":19,"column":27}},{"start":{"line":19,"column":31},"end":{"line":19,"column":39}}],"line":19},"2":{"loc":{"start":{"line":22,"column":6},"end":{"line":24,"column":7}},"type":"if","locations":[{"start":{"line":22,"column":6},"end":{"line":24,"column":7}},{"start":{"line":22,"column":6},"end":{"line":24,"column":7}}],"line":22},"3":{"loc":{"start":{"line":43,"column":6},"end":{"line":45,"column":7}},"type":"if","locations":[{"start":{"line":43,"column":6},"end":{"line":45,"column":7}},{"start":{"line":43,"column":6},"end":{"line":45,"column":7}}],"line":43},"4":{"loc":{"start":{"line":43,"column":10},"end":{"line":43,"column":32}},"type":"binary-expr","locations":[{"start":{"line":43,"column":10},"end":{"line":43,"column":19}},{"start":{"line":43,"column":23},"end":{"line":43,"column":32}}],"line":43},"5":{"loc":{"start":{"line":48,"column":6},"end":{"line":50,"column":7}},"type":"if","locations":[{"start":{"line":48,"column":6},"end":{"line":50,"column":7}},{"start":{"line":48,"column":6},"end":{"line":50,"column":7}}],"line":48},"6":{"loc":{"start":{"line":67,"column":6},"end":{"line":69,"column":7}},"type":"if","locations":[{"start":{"line":67,"column":6},"end":{"line":69,"column":7}},{"start":{"line":67,"column":6},"end":{"line":69,"column":7}}],"line":67},"7":{"loc":{"start":{"line":67,"column":10},"end":{"line":67,"column":27}},"type":"binary-expr","locations":[{"start":{"line":67,"column":10},"end":{"line":67,"column":16}},{"start":{"line":67,"column":20},"end":{"line":67,"column":27}}],"line":67},"8":{"loc":{"start":{"line":70,"column":6},"end":{"line":72,"column":7}},"type":"if","locations":[{"start":{"line":70,"column":6},"end":{"line":72,"column":7}},{"start":{"line":70,"column":6},"end":{"line":72,"column":7}}],"line":70}},"s":{"0":0,"1":0,"2":0,"3":0,"4":0,"5":0,"6":0,"7":0,"8":0,"9":0,"10":0,"11":0,"12":0,"13":0,"14":0,"15":0,"16":0,"17":0,"18":0,"19":0,"20":0,"21":0,"22":0,"23":0,"24":0,"25":0,"26":0,"27":0,"28":0,"29":0,"30":0,"31":0,"32":0,"33":0,"34":0,"35":0,"36":0,"37":0,"38":0,"39":0,"40":0},"f":{"0":0,"1":0,"2":0,"3":0,"4":0},"b":{"0":[0,0],"1":[0,0,0],"2":[0,0],"3":[0,0],"4":[0,0],"5":[0,0],"6":[0,0],"7":[0,0],"8":[0,0]},"hash":"9095e025cf15119be7463e192f6102845e19e3be"}
}
